{
  "numFailedTestSuites": 0,
  "numFailedTests": 0,
  "numPassedTestSuites": 7,
  "numPassedTests": 10,
  "numPendingTestSuites": 0,
  "numPendingTests": 0,
  "numRuntimeErrorTestSuites": 0,
  "numTodoTests": 0,
  "numTotalTestSuites": 7,
  "numTotalTests": 10,
  "openHandles": [],
  "snapshot": {
    "added": 0,
    "didUpdate": false,
    "failure": false,
    "filesAdded": 0,
    "filesRemoved": 0,
    "filesRemovedList": [],
    "filesUnmatched": 0,
    "filesUpdated": 0,
    "matched": 0,
    "total": 0,
    "unchecked": 0,
    "uncheckedKeysByFile": [],
    "unmatched": 0,
    "updated": 0
  },
  "startTime": 1590294088970,
  "success": false,
  "testResults": [
    {
      "failureMessage": null,
      "numFailingTests": 0,
      "numPassingTests": 1,
      "numPendingTests": 0,
      "numTodoTests": 0,
      "perfStats": {
        "end": 1590294093330,
        "start": 1590294091266
      },
      "snapshot": {
        "added": 0,
        "fileDeleted": false,
        "matched": 0,
        "unchecked": 0,
        "unmatched": 0,
        "updated": 0,
        "uncheckedKeys": []
      },
      "testFilePath": "/Users/Marion/Work/Dev/Vue/maplr-vue-test/tests/unit/components/Member.spec.ts",
      "testResults": [
        {
          "ancestorTitles": [
            "Member.vue"
          ],
          "duration": 41,
          "failureMessages": [],
          "fullName": "Member.vue should display a member name and its interests",
          "location": null,
          "numPassingAsserts": 0,
          "status": "passed",
          "title": "should display a member name and its interests"
        }
      ],
      "skipped": false,
      "leaks": false
    },
    {
      "failureMessage": null,
      "numFailingTests": 0,
      "numPassingTests": 1,
      "numPendingTests": 0,
      "numTodoTests": 0,
      "perfStats": {
        "end": 1590294093333,
        "start": 1590294091237
      },
      "snapshot": {
        "added": 0,
        "fileDeleted": false,
        "matched": 0,
        "unchecked": 0,
        "unmatched": 0,
        "updated": 0,
        "uncheckedKeys": []
      },
      "testFilePath": "/Users/Marion/Work/Dev/Vue/maplr-vue-test/tests/unit/views/Members.spec.ts",
      "testResults": [
        {
          "ancestorTitles": [
            "Members.vue"
          ],
          "duration": 39,
          "failureMessages": [],
          "fullName": "Members.vue should display every member name in a title",
          "location": null,
          "numPassingAsserts": 0,
          "status": "passed",
          "title": "should display every member name in a title"
        }
      ],
      "skipped": false,
      "leaks": false
    },
    {
      "failureMessage": null,
      "numFailingTests": 0,
      "numPassingTests": 3,
      "numPendingTests": 0,
      "numTodoTests": 0,
      "perfStats": {
        "end": 1590294093460,
        "start": 1590294091272
      },
      "snapshot": {
        "added": 0,
        "fileDeleted": false,
        "matched": 0,
        "unchecked": 0,
        "unmatched": 0,
        "updated": 0,
        "uncheckedKeys": []
      },
      "testFilePath": "/Users/Marion/Work/Dev/Vue/maplr-vue-test/tests/unit/App.spec.ts",
      "testResults": [
        {
          "ancestorTitles": [
            "App.vue"
          ],
          "duration": 84,
          "failureMessages": [],
          "fullName": "App.vue renders a title",
          "location": null,
          "numPassingAsserts": 0,
          "status": "passed",
          "title": "renders a title"
        },
        {
          "ancestorTitles": [
            "App.vue"
          ],
          "duration": 14,
          "failureMessages": [],
          "fullName": "App.vue renders the navbar",
          "location": null,
          "numPassingAsserts": 0,
          "status": "passed",
          "title": "renders the navbar"
        },
        {
          "ancestorTitles": [
            "App.vue"
          ],
          "duration": 8,
          "failureMessages": [],
          "fullName": "App.vue renders the members list",
          "location": null,
          "numPassingAsserts": 0,
          "status": "passed",
          "title": "renders the members list"
        }
      ],
      "skipped": false,
      "leaks": false
    },
    {
      "failureMessage": null,
      "numFailingTests": 0,
      "numPassingTests": 2,
      "numPendingTests": 0,
      "numTodoTests": 0,
      "perfStats": {
        "end": 1590294093747,
        "start": 1590294093404
      },
      "snapshot": {
        "added": 0,
        "fileDeleted": false,
        "matched": 0,
        "unchecked": 0,
        "unmatched": 0,
        "updated": 0,
        "uncheckedKeys": []
      },
      "testFilePath": "/Users/Marion/Work/Dev/Vue/maplr-vue-test/tests/unit/components/Interest.spec.ts",
      "testResults": [
        {
          "ancestorTitles": [
            "Interest.vue"
          ],
          "duration": 19,
          "failureMessages": [],
          "fullName": "Interest.vue should display an image and a legend",
          "location": null,
          "numPassingAsserts": 0,
          "status": "passed",
          "title": "should display an image and a legend"
        },
        {
          "ancestorTitles": [
            "Interest.vue"
          ],
          "duration": 11,
          "failureMessages": [],
          "fullName": "Interest.vue should emit an event on click",
          "location": null,
          "numPassingAsserts": 0,
          "status": "passed",
          "title": "should emit an event on click"
        }
      ],
      "skipped": false,
      "leaks": false
    },
    {
      "failureMessage": null,
      "numFailingTests": 0,
      "numPassingTests": 1,
      "numPendingTests": 0,
      "numTodoTests": 0,
      "perfStats": {
        "end": 1590294093788,
        "start": 1590294093378
      },
      "snapshot": {
        "added": 0,
        "fileDeleted": false,
        "matched": 0,
        "unchecked": 0,
        "unmatched": 0,
        "updated": 0,
        "uncheckedKeys": []
      },
      "testFilePath": "/Users/Marion/Work/Dev/Vue/maplr-vue-test/tests/unit/services/MemberService.spec.ts",
      "testResults": [
        {
          "ancestorTitles": [
            "useMemberService"
          ],
          "duration": 113,
          "failureMessages": [],
          "fullName": "useMemberService should list members",
          "location": null,
          "numPassingAsserts": 0,
          "status": "passed",
          "title": "should list members"
        }
      ],
      "skipped": false,
      "leaks": false
    },
    {
      "failureMessage": null,
      "numFailingTests": 0,
      "numPassingTests": 1,
      "numPendingTests": 0,
      "numTodoTests": 0,
      "perfStats": {
        "end": 1590294093906,
        "start": 1590294093541
      },
      "snapshot": {
        "added": 0,
        "fileDeleted": false,
        "matched": 0,
        "unchecked": 0,
        "unmatched": 0,
        "updated": 0,
        "uncheckedKeys": []
      },
      "testFilePath": "/Users/Marion/Work/Dev/Vue/maplr-vue-test/tests/unit/Navbar.spec.ts",
      "testResults": [
        {
          "ancestorTitles": [
            "Navbar.vue"
          ],
          "duration": 15,
          "failureMessages": [],
          "fullName": "Navbar.vue should toggle the class on click",
          "location": null,
          "numPassingAsserts": 0,
          "status": "passed",
          "title": "should toggle the class on click"
        }
      ],
      "skipped": false,
      "leaks": false
    },
    {
      "failureMessage": null,
      "numFailingTests": 0,
      "numPassingTests": 1,
      "numPendingTests": 0,
      "numTodoTests": 0,
      "perfStats": {
        "end": 1590294094015,
        "start": 1590294093779
      },
      "snapshot": {
        "added": 0,
        "fileDeleted": false,
        "matched": 0,
        "unchecked": 0,
        "unmatched": 0,
        "updated": 0,
        "uncheckedKeys": []
      },
      "testFilePath": "/Users/Marion/Work/Dev/Vue/maplr-vue-test/tests/unit/utils/FromNow.spec.ts",
      "testResults": [
        {
          "ancestorTitles": [
            "FromNow"
          ],
          "duration": 3,
          "failureMessages": [],
          "fullName": "FromNow should transform a date",
          "location": null,
          "numPassingAsserts": 0,
          "status": "passed",
          "title": "should transform a date"
        }
      ],
      "skipped": false,
      "leaks": false
    }
  ],
  "wasInterrupted": false,
  "coverageMap": {
    "/Users/Marion/Work/Dev/Vue/maplr-vue-test/src/components/Member.vue": {
      "path": "/Users/Marion/Work/Dev/Vue/maplr-vue-test/src/components/Member.vue",
      "statementMap": {
        "0": {
          "start": {
            "line": 2,
            "column": 0
          },
          "end": {
            "line": 2,
            "column": null
          }
        },
        "1": {
          "start": {
            "line": 4,
            "column": 0
          },
          "end": {
            "line": 4,
            "column": null
          }
        },
        "2": {
          "start": {
            "line": 5,
            "column": 0
          },
          "end": {
            "line": 5,
            "column": null
          }
        },
        "3": {
          "start": {
            "line": 7,
            "column": 0
          },
          "end": {
            "line": 7,
            "column": null
          }
        },
        "4": {
          "start": {
            "line": 22,
            "column": 0
          },
          "end": {
            "line": 22,
            "column": null
          }
        },
        "5": {
          "start": {
            "line": 23,
            "column": 0
          },
          "end": {
            "line": 23,
            "column": null
          }
        }
      },
      "fnMap": {
        "0": {
          "name": "(anonymous_0)",
          "decl": {
            "start": {
              "line": 21,
              "column": 0
            },
            "end": {
              "line": 21,
              "column": null
            }
          },
          "loc": {
            "start": {
              "line": 21,
              "column": 0
            },
            "end": {
              "line": 24,
              "column": null
            }
          }
        },
        "1": {
          "name": "(anonymous_1)",
          "decl": {
            "start": {
              "line": 22,
              "column": 0
            },
            "end": {
              "line": 22,
              "column": null
            }
          },
          "loc": {
            "start": {
              "line": 22,
              "column": 0
            },
            "end": {
              "line": 22,
              "column": null
            }
          }
        }
      },
      "branchMap": {},
      "s": {
        "0": 3,
        "1": 3,
        "2": 3,
        "3": 3,
        "4": 6,
        "5": 3
      },
      "f": {
        "0": 3,
        "1": 3
      },
      "b": {}
    },
    "/Users/Marion/Work/Dev/Vue/maplr-vue-test/src/utils/FromNow.ts": {
      "path": "/Users/Marion/Work/Dev/Vue/maplr-vue-test/src/utils/FromNow.ts",
      "statementMap": {
        "0": {
          "start": {
            "line": 1,
            "column": 0
          },
          "end": {
            "line": 1,
            "column": 28
          }
        },
        "1": {
          "start": {
            "line": 4,
            "column": 2
          },
          "end": {
            "line": 4,
            "column": 33
          }
        },
        "2": {
          "start": {
            "line": 3,
            "column": 0
          },
          "end": {
            "line": 3,
            "column": 24
          }
        }
      },
      "fnMap": {
        "0": {
          "name": "fromNow",
          "decl": {
            "start": {
              "line": 3,
              "column": 24
            },
            "end": {
              "line": 3,
              "column": 31
            }
          },
          "loc": {
            "start": {
              "line": 3,
              "column": 45
            },
            "end": {
              "line": 5,
              "column": 1
            }
          }
        }
      },
      "branchMap": {},
      "s": {
        "0": 4,
        "1": 4,
        "2": 4
      },
      "f": {
        "0": 4
      },
      "b": {}
    },
    "/Users/Marion/Work/Dev/Vue/maplr-vue-test/src/components/Interest.vue": {
      "path": "/Users/Marion/Work/Dev/Vue/maplr-vue-test/src/components/Interest.vue",
      "statementMap": {
        "0": {
          "start": {
            "line": 2,
            "column": 0
          },
          "end": {
            "line": 2,
            "column": null
          }
        },
        "1": {
          "start": {
            "line": 5,
            "column": 0
          },
          "end": {
            "line": 5,
            "column": null
          }
        },
        "2": {
          "start": {
            "line": 16,
            "column": 0
          },
          "end": {
            "line": 16,
            "column": null
          }
        },
        "3": {
          "start": {
            "line": 19,
            "column": 0
          },
          "end": {
            "line": 19,
            "column": null
          }
        },
        "4": {
          "start": {
            "line": 22,
            "column": 0
          },
          "end": {
            "line": 22,
            "column": null
          }
        }
      },
      "fnMap": {
        "0": {
          "name": "(anonymous_0)",
          "decl": {
            "start": {
              "line": 15,
              "column": 0
            },
            "end": {
              "line": 15,
              "column": null
            }
          },
          "loc": {
            "start": {
              "line": 15,
              "column": 0
            },
            "end": {
              "line": 23,
              "column": null
            }
          }
        },
        "1": {
          "name": "(anonymous_1)",
          "decl": {
            "start": {
              "line": 16,
              "column": 0
            },
            "end": {
              "line": 16,
              "column": null
            }
          },
          "loc": {
            "start": {
              "line": 16,
              "column": 0
            },
            "end": {
              "line": 16,
              "column": null
            }
          }
        },
        "2": {
          "name": "clicked",
          "decl": {
            "start": {
              "line": 18,
              "column": 0
            },
            "end": {
              "line": 18,
              "column": null
            }
          },
          "loc": {
            "start": {
              "line": 18,
              "column": 0
            },
            "end": {
              "line": 20,
              "column": null
            }
          }
        }
      },
      "branchMap": {},
      "s": {
        "0": 4,
        "1": 4,
        "2": 10,
        "3": 1,
        "4": 5
      },
      "f": {
        "0": 5,
        "1": 5,
        "2": 1
      },
      "b": {}
    },
    "/Users/Marion/Work/Dev/Vue/maplr-vue-test/src/enums/InterestTypeEnum.ts": {
      "path": "/Users/Marion/Work/Dev/Vue/maplr-vue-test/src/enums/InterestTypeEnum.ts",
      "statementMap": {
        "0": {
          "start": {
            "line": 1,
            "column": 0
          },
          "end": {
            "line": 1,
            "column": null
          }
        },
        "1": {
          "start": {
            "line": 2,
            "column": 2
          },
          "end": {
            "line": 2,
            "column": null
          }
        },
        "2": {
          "start": {
            "line": 3,
            "column": 2
          },
          "end": {
            "line": 3,
            "column": null
          }
        },
        "3": {
          "start": {
            "line": 4,
            "column": 2
          },
          "end": {
            "line": 4,
            "column": null
          }
        },
        "4": {
          "start": {
            "line": 5,
            "column": 2
          },
          "end": {
            "line": 5,
            "column": null
          }
        },
        "5": {
          "start": {
            "line": 6,
            "column": 2
          },
          "end": {
            "line": 6,
            "column": null
          }
        },
        "6": {
          "start": {
            "line": 7,
            "column": 2
          },
          "end": {
            "line": 7,
            "column": null
          }
        },
        "7": {
          "start": {
            "line": 8,
            "column": 2
          },
          "end": {
            "line": 8,
            "column": null
          }
        },
        "8": {
          "start": {
            "line": 9,
            "column": 2
          },
          "end": {
            "line": 9,
            "column": null
          }
        }
      },
      "fnMap": {
        "0": {
          "name": "(anonymous_0)",
          "decl": {
            "start": {
              "line": 1,
              "column": 0
            },
            "end": {
              "line": 1,
              "column": 12
            }
          },
          "loc": {
            "start": {
              "line": 1,
              "column": 28
            },
            "end": {
              "line": 10,
              "column": 1
            }
          }
        }
      },
      "branchMap": {
        "0": {
          "loc": {
            "start": {
              "line": 1,
              "column": 12
            },
            "end": {
              "line": 1,
              "column": 28
            }
          },
          "type": "binary-expr",
          "locations": [
            {
              "start": {
                "line": 1,
                "column": 12
              },
              "end": {
                "line": 1,
                "column": 28
              }
            },
            {
              "start": {
                "line": 1,
                "column": 12
              },
              "end": {
                "line": 1,
                "column": null
              }
            }
          ]
        }
      },
      "s": {
        "0": 2,
        "1": 2,
        "2": 2,
        "3": 2,
        "4": 2,
        "5": 2,
        "6": 2,
        "7": 2,
        "8": 2
      },
      "f": {
        "0": 2
      },
      "b": {
        "0": [
          2,
          2
        ]
      }
    },
    "/Users/Marion/Work/Dev/Vue/maplr-vue-test/src/views/Members.vue": {
      "path": "/Users/Marion/Work/Dev/Vue/maplr-vue-test/src/views/Members.vue",
      "statementMap": {
        "0": {
          "start": {
            "line": 2,
            "column": 0
          },
          "end": {
            "line": 2,
            "column": null
          }
        },
        "1": {
          "start": {
            "line": 4,
            "column": 0
          },
          "end": {
            "line": 4,
            "column": null
          }
        },
        "2": {
          "start": {
            "line": 5,
            "column": 0
          },
          "end": {
            "line": 5,
            "column": null
          }
        },
        "3": {
          "start": {
            "line": 7,
            "column": 0
          },
          "end": {
            "line": 7,
            "column": null
          }
        },
        "4": {
          "start": {
            "line": 14,
            "column": 0
          },
          "end": {
            "line": 14,
            "column": null
          }
        },
        "5": {
          "start": {
            "line": 15,
            "column": 0
          },
          "end": {
            "line": 15,
            "column": null
          }
        },
        "6": {
          "start": {
            "line": 16,
            "column": 0
          },
          "end": {
            "line": 16,
            "column": null
          }
        },
        "7": {
          "start": {
            "line": 17,
            "column": 0
          },
          "end": {
            "line": 19,
            "column": null
          }
        },
        "8": {
          "start": {
            "line": 18,
            "column": 0
          },
          "end": {
            "line": 18,
            "column": null
          }
        },
        "9": {
          "start": {
            "line": 20,
            "column": 0
          },
          "end": {
            "line": 20,
            "column": null
          }
        }
      },
      "fnMap": {
        "0": {
          "name": "(anonymous_0)",
          "decl": {
            "start": {
              "line": 14,
              "column": 0
            },
            "end": {
              "line": 14,
              "column": null
            }
          },
          "loc": {
            "start": {
              "line": 14,
              "column": 0
            },
            "end": {
              "line": 21,
              "column": null
            }
          }
        },
        "1": {
          "name": "(anonymous_1)",
          "decl": {
            "start": {
              "line": 17,
              "column": 0
            },
            "end": {
              "line": 17,
              "column": null
            }
          },
          "loc": {
            "start": {
              "line": 17,
              "column": 0
            },
            "end": {
              "line": 19,
              "column": null
            }
          }
        }
      },
      "branchMap": {},
      "s": {
        "0": 2,
        "1": 2,
        "2": 2,
        "3": 2,
        "4": 4,
        "5": 4,
        "6": 4,
        "7": 4,
        "8": 9,
        "9": 4
      },
      "f": {
        "0": 4,
        "1": 4
      },
      "b": {}
    },
    "/Users/Marion/Work/Dev/Vue/maplr-vue-test/src/App.vue": {
      "path": "/Users/Marion/Work/Dev/Vue/maplr-vue-test/src/App.vue",
      "statementMap": {
        "0": {
          "start": {
            "line": 2,
            "column": 0
          },
          "end": {
            "line": 2,
            "column": null
          }
        },
        "1": {
          "start": {
            "line": 3,
            "column": 0
          },
          "end": {
            "line": 3,
            "column": null
          }
        },
        "2": {
          "start": {
            "line": 4,
            "column": 0
          },
          "end": {
            "line": 4,
            "column": null
          }
        },
        "3": {
          "start": {
            "line": 6,
            "column": 0
          },
          "end": {
            "line": 6,
            "column": null
          }
        }
      },
      "fnMap": {},
      "branchMap": {},
      "s": {
        "0": 1,
        "1": 1,
        "2": 1,
        "3": 1
      },
      "f": {},
      "b": {}
    },
    "/Users/Marion/Work/Dev/Vue/maplr-vue-test/src/components/Navbar.vue": {
      "path": "/Users/Marion/Work/Dev/Vue/maplr-vue-test/src/components/Navbar.vue",
      "statementMap": {
        "0": {
          "start": {
            "line": 2,
            "column": 0
          },
          "end": {
            "line": 2,
            "column": null
          }
        },
        "1": {
          "start": {
            "line": 4,
            "column": 0
          },
          "end": {
            "line": 4,
            "column": null
          }
        },
        "2": {
          "start": {
            "line": 8,
            "column": 0
          },
          "end": {
            "line": 8,
            "column": null
          }
        },
        "3": {
          "start": {
            "line": 10,
            "column": 0
          },
          "end": {
            "line": 10,
            "column": null
          }
        },
        "4": {
          "start": {
            "line": 12,
            "column": 0
          },
          "end": {
            "line": 12,
            "column": null
          }
        }
      },
      "fnMap": {
        "0": {
          "name": "(anonymous_0)",
          "decl": {
            "start": {
              "line": 7,
              "column": 0
            },
            "end": {
              "line": 7,
              "column": null
            }
          },
          "loc": {
            "start": {
              "line": 7,
              "column": 0
            },
            "end": {
              "line": 13,
              "column": null
            }
          }
        },
        "1": {
          "name": "toggleNavbar",
          "decl": {
            "start": {
              "line": 9,
              "column": 0
            },
            "end": {
              "line": 9,
              "column": null
            }
          },
          "loc": {
            "start": {
              "line": 9,
              "column": 0
            },
            "end": {
              "line": 11,
              "column": null
            }
          }
        }
      },
      "branchMap": {},
      "s": {
        "0": 2,
        "1": 2,
        "2": 4,
        "3": 1,
        "4": 4
      },
      "f": {
        "0": 4,
        "1": 1
      },
      "b": {}
    },
    "/Users/Marion/Work/Dev/Vue/maplr-vue-test/src/composables/MemberService.ts": {
      "path": "/Users/Marion/Work/Dev/Vue/maplr-vue-test/src/composables/MemberService.ts",
      "statementMap": {
        "0": {
          "start": {
            "line": 1,
            "column": 0
          },
          "end": {
            "line": 1,
            "column": 26
          }
        },
        "1": {
          "start": {
            "line": 5,
            "column": 2
          },
          "end": {
            "line": 12,
            "column": 4
          }
        },
        "2": {
          "start": {
            "line": 7,
            "column": 23
          },
          "end": {
            "line": 9,
            "column": null
          }
        },
        "3": {
          "start": {
            "line": 7,
            "column": 12
          },
          "end": {
            "line": 9,
            "column": null
          }
        },
        "4": {
          "start": {
            "line": 10,
            "column": 6
          },
          "end": {
            "line": 10,
            "column": 27
          }
        },
        "5": {
          "start": {
            "line": 4,
            "column": 0
          },
          "end": {
            "line": 4,
            "column": 16
          }
        }
      },
      "fnMap": {
        "0": {
          "name": "useMemberService",
          "decl": {
            "start": {
              "line": 4,
              "column": 16
            },
            "end": {
              "line": 4,
              "column": 32
            }
          },
          "loc": {
            "start": {
              "line": 4,
              "column": 32
            },
            "end": {
              "line": 13,
              "column": 1
            }
          }
        },
        "1": {
          "name": "(anonymous_1)",
          "decl": {
            "start": {
              "line": 6,
              "column": 4
            },
            "end": {
              "line": 6,
              "column": 10
            }
          },
          "loc": {
            "start": {
              "line": 6,
              "column": 4
            },
            "end": {
              "line": 11,
              "column": null
            }
          }
        }
      },
      "branchMap": {
        "0": {
          "loc": {
            "start": {
              "line": 7,
              "column": 23
            },
            "end": {
              "line": 9,
              "column": null
            }
          },
          "type": "switch",
          "locations": [
            {
              "start": {
                "line": 7,
                "column": 23
              },
              "end": {
                "line": 9,
                "column": null
              }
            }
          ]
        }
      },
      "s": {
        "0": 2,
        "1": 4,
        "2": 4,
        "3": 1,
        "4": 1,
        "5": 2
      },
      "f": {
        "0": 4,
        "1": 4
      },
      "b": {
        "0": [
          4
        ]
      }
    }
  }
}