TN:
SF:/Users/Marion/Work/Dev/Vue/maplr-vue-test/src/App.vue
FNF:0
FNH:0
DA:2,1
DA:3,1
DA:4,1
DA:6,1
LF:4
LH:4
BRF:0
BRH:0
end_of_record
TN:
SF:/Users/Marion/Work/Dev/Vue/maplr-vue-test/src/components/Interest.vue
FN:15,(anonymous_0)
FN:16,(anonymous_1)
FN:18,clicked
FNF:3
FNH:3
FNDA:53,(anonymous_0)
FNDA:53,(anonymous_1)
FNDA:1,clicked
DA:2,4
DA:5,4
DA:16,106
DA:19,1
DA:22,53
LF:5
LH:5
BRF:0
BRH:0
end_of_record
TN:
SF:/Users/Marion/Work/Dev/Vue/maplr-vue-test/src/components/Member.vue
FN:21,(anonymous_0)
FN:22,(anonymous_1)
FNF:2
FNH:2
FNDA:17,(anonymous_0)
FNDA:17,(anonymous_1)
DA:2,3
DA:4,3
DA:5,3
DA:7,3
DA:22,34
DA:23,17
LF:6
LH:6
BRF:0
BRH:0
end_of_record
TN:
SF:/Users/Marion/Work/Dev/Vue/maplr-vue-test/src/components/Navbar.vue
FN:7,(anonymous_0)
FN:9,toggleNavbar
FNF:2
FNH:2
FNDA:4,(anonymous_0)
FNDA:1,toggleNavbar
DA:2,2
DA:4,2
DA:8,4
DA:10,1
DA:12,4
LF:5
LH:5
BRF:0
BRH:0
end_of_record
TN:
SF:/Users/Marion/Work/Dev/Vue/maplr-vue-test/src/enums/InterestTypeEnum.ts
FN:1,(anonymous_0)
FNF:1
FNH:1
FNDA:4,(anonymous_0)
DA:1,4
DA:2,4
DA:3,4
DA:4,4
DA:5,4
DA:6,4
DA:7,4
DA:8,4
DA:9,4
LF:9
LH:9
BRDA:1,0,0,4
BRDA:1,0,1,4
BRF:2
BRH:2
end_of_record
TN:
SF:/Users/Marion/Work/Dev/Vue/maplr-vue-test/src/utils/FromNow.ts
FN:3,fromNow
FNF:1
FNH:1
FNDA:18,fromNow
DA:1,4
DA:3,4
DA:4,18
LF:3
LH:3
BRF:0
BRH:0
end_of_record
TN:
SF:/Users/Marion/Work/Dev/Vue/maplr-vue-test/src/views/Members.vue
FN:14,(anonymous_0)
FNF:1
FNH:1
FNDA:4,(anonymous_0)
DA:2,2
DA:4,2
DA:5,2
DA:7,2
DA:15,4
DA:58,4
LF:6
LH:6
BRF:0
BRH:0
end_of_record
