TN:
SF:/Users/Marion/Work/Dev/Vue/maplr-vue-test/src/App.vue
FNF:0
FNH:0
DA:2,1
DA:3,1
DA:4,1
DA:6,1
LF:4
LH:4
BRF:0
BRH:0
end_of_record
TN:
SF:/Users/Marion/Work/Dev/Vue/maplr-vue-test/src/components/Member.vue
FN:16,(anonymous_0)
FN:17,(anonymous_1)
FNF:2
FNH:2
FNDA:17,(anonymous_0)
FNDA:17,(anonymous_1)
DA:2,3
DA:4,3
DA:6,3
DA:17,34
DA:18,17
LF:5
LH:5
BRF:0
BRH:0
end_of_record
TN:
SF:/Users/Marion/Work/Dev/Vue/maplr-vue-test/src/components/Navbar.vue
FN:7,(anonymous_0)
FN:9,toggleNavbar
FNF:2
FNH:2
FNDA:4,(anonymous_0)
FNDA:1,toggleNavbar
DA:2,2
DA:4,2
DA:8,4
DA:10,1
DA:12,4
LF:5
LH:5
BRF:0
BRH:0
end_of_record
TN:
SF:/Users/Marion/Work/Dev/Vue/maplr-vue-test/src/utils/FromNow.ts
FN:3,fromNow
FNF:1
FNH:1
FNDA:18,fromNow
DA:1,4
DA:3,4
DA:4,18
LF:3
LH:3
BRF:0
BRH:0
end_of_record
TN:
SF:/Users/Marion/Work/Dev/Vue/maplr-vue-test/src/views/Members.vue
FN:13,(anonymous_0)
FNF:1
FNH:1
FNDA:4,(anonymous_0)
DA:2,2
DA:4,2
DA:6,2
DA:14,4
DA:57,4
LF:5
LH:5
BRF:0
BRH:0
end_of_record
